<?xml version="1.0" encoding="UTF-8"?>
<!-- Generated by org.testng.reporters.JUnitXMLReporter -->
<testsuite hostname="AniktaDey" name="Test" tests="10" failures="1" timestamp="18 Apr 2019 13:56:31 GMT" time="193.125" errors="0">
  <testcase name="validateTitleHomePage" time="1.004" classname="tests.HomePage"/>
  <testcase name="validateNavigation" time="0.136" classname="tests.HomePage"/>
  <testcase name="validateFooterLinks" time="17.305" classname="tests.HomePage"/>
  <testcase name="getSearchData" time="24.67" classname="tests.SearchResults"/>
  <testcase name="FillDropdown" time="7.694" classname="tests.BuyCertifiedCars"/>
  <testcase name="validateTotRowCount" time="2.027" classname="tests.BuyCertifiedCars"/>
  <testcase name="buyCarClick" time="12.998" classname="tests.BuyCertifiedCars"/>
  <testcase name="SortBy" time="1.508" classname="tests.BuyCertifiedCars"/>
  <testcase name="contactDetail" time="85.795" classname="tests.ContactDetail3">
    <failure type="java.lang.AssertionError" message="expected [Enter Verification Code] but found []">
      <![CDATA[java.lang.AssertionError: expected [Enter Verification Code] but found []
	at tests.ContactDetail3.contactDetail(ContactDetail3.java:132)
... Removed 29 stack frames]]>
    </failure>
  </testcase> <!-- contactDetail -->
  <testcase name="getDetailsValuation" time="8.644" classname="tests.CarValuation"/>
</testsuite> <!-- Test -->
